<?xml version="1.0" encoding="UTF-8"?>
<testsuite xmlns:xsi="http://www.w3.org/2001/XMLSchema-instance" xsi:noNamespaceSchemaLocation="https://maven.apache.org/surefire/maven-surefire-plugin/xsd/surefire-test-report-3.0.xsd" version="3.0" name="it.unical.api.UserControllerIntegrationTest" time="3.847" tests="2" errors="0" skipped="0" failures="0">
  <properties>
    <property name="java.specification.version" value="21"/>
    <property name="sun.cpu.isalist" value="amd64"/>
    <property name="sun.jnu.encoding" value="Cp1252"/>
    <property name="java.class.path" value="C:\Users\Francesco\Documents\repositories\ing-sw\designPatterns\DTO\target\test-classes;C:\Users\Francesco\Documents\repositories\ing-sw\designPatterns\DTO\target\classes;C:\Users\Francesco\.m2\repository\org\springframework\boot\spring-boot-starter-web\2.7.5\spring-boot-starter-web-2.7.5.jar;C:\Users\Francesco\.m2\repository\org\springframework\boot\spring-boot-starter\2.7.5\spring-boot-starter-2.7.5.jar;C:\Users\Francesco\.m2\repository\org\springframework\boot\spring-boot\2.7.5\spring-boot-2.7.5.jar;C:\Users\Francesco\.m2\repository\org\springframework\boot\spring-boot-autoconfigure\2.7.5\spring-boot-autoconfigure-2.7.5.jar;C:\Users\Francesco\.m2\repository\org\springframework\boot\spring-boot-starter-logging\2.7.5\spring-boot-starter-logging-2.7.5.jar;C:\Users\Francesco\.m2\repository\ch\qos\logback\logback-classic\1.2.11\logback-classic-1.2.11.jar;C:\Users\Francesco\.m2\repository\ch\qos\logback\logback-core\1.2.11\logback-core-1.2.11.jar;C:\Users\Francesco\.m2\repository\org\apache\logging\log4j\log4j-to-slf4j\2.17.2\log4j-to-slf4j-2.17.2.jar;C:\Users\Francesco\.m2\repository\org\apache\logging\log4j\log4j-api\2.17.2\log4j-api-2.17.2.jar;C:\Users\Francesco\.m2\repository\org\slf4j\jul-to-slf4j\1.7.36\jul-to-slf4j-1.7.36.jar;C:\Users\Francesco\.m2\repository\jakarta\annotation\jakarta.annotation-api\1.3.5\jakarta.annotation-api-1.3.5.jar;C:\Users\Francesco\.m2\repository\org\yaml\snakeyaml\1.30\snakeyaml-1.30.jar;C:\Users\Francesco\.m2\repository\org\springframework\boot\spring-boot-starter-json\2.7.5\spring-boot-starter-json-2.7.5.jar;C:\Users\Francesco\.m2\repository\com\fasterxml\jackson\core\jackson-databind\2.13.4.2\jackson-databind-2.13.4.2.jar;C:\Users\Francesco\.m2\repository\com\fasterxml\jackson\core\jackson-annotations\2.13.4\jackson-annotations-2.13.4.jar;C:\Users\Francesco\.m2\repository\com\fasterxml\jackson\core\jackson-core\2.13.4\jackson-core-2.13.4.jar;C:\Users\Francesco\.m2\repository\com\fasterxml\jackson\datatype\jackson-datatype-jdk8\2.13.4\jackson-datatype-jdk8-2.13.4.jar;C:\Users\Francesco\.m2\repository\com\fasterxml\jackson\datatype\jackson-datatype-jsr310\2.13.4\jackson-datatype-jsr310-2.13.4.jar;C:\Users\Francesco\.m2\repository\com\fasterxml\jackson\module\jackson-module-parameter-names\2.13.4\jackson-module-parameter-names-2.13.4.jar;C:\Users\Francesco\.m2\repository\org\springframework\boot\spring-boot-starter-tomcat\2.7.5\spring-boot-starter-tomcat-2.7.5.jar;C:\Users\Francesco\.m2\repository\org\apache\tomcat\embed\tomcat-embed-core\9.0.68\tomcat-embed-core-9.0.68.jar;C:\Users\Francesco\.m2\repository\org\apache\tomcat\embed\tomcat-embed-el\9.0.68\tomcat-embed-el-9.0.68.jar;C:\Users\Francesco\.m2\repository\org\apache\tomcat\embed\tomcat-embed-websocket\9.0.68\tomcat-embed-websocket-9.0.68.jar;C:\Users\Francesco\.m2\repository\org\springframework\spring-web\5.3.23\spring-web-5.3.23.jar;C:\Users\Francesco\.m2\repository\org\springframework\spring-beans\5.3.23\spring-beans-5.3.23.jar;C:\Users\Francesco\.m2\repository\org\springframework\spring-webmvc\5.3.23\spring-webmvc-5.3.23.jar;C:\Users\Francesco\.m2\repository\org\springframework\spring-aop\5.3.23\spring-aop-5.3.23.jar;C:\Users\Francesco\.m2\repository\org\springframework\spring-context\5.3.23\spring-context-5.3.23.jar;C:\Users\Francesco\.m2\repository\org\springframework\spring-expression\5.3.23\spring-expression-5.3.23.jar;C:\Users\Francesco\.m2\repository\org\springframework\boot\spring-boot-starter-test\2.7.5\spring-boot-starter-test-2.7.5.jar;C:\Users\Francesco\.m2\repository\org\springframework\boot\spring-boot-test\2.7.5\spring-boot-test-2.7.5.jar;C:\Users\Francesco\.m2\repository\org\springframework\boot\spring-boot-test-autoconfigure\2.7.5\spring-boot-test-autoconfigure-2.7.5.jar;C:\Users\Francesco\.m2\repository\com\jayway\jsonpath\json-path\2.7.0\json-path-2.7.0.jar;C:\Users\Francesco\.m2\repository\net\minidev\json-smart\2.4.7\json-smart-2.4.7.jar;C:\Users\Francesco\.m2\repository\net\minidev\accessors-smart\2.4.7\accessors-smart-2.4.7.jar;C:\Users\Francesco\.m2\repository\org\ow2\asm\asm\9.1\asm-9.1.jar;C:\Users\Francesco\.m2\repository\jakarta\xml\bind\jakarta.xml.bind-api\2.3.3\jakarta.xml.bind-api-2.3.3.jar;C:\Users\Francesco\.m2\repository\jakarta\activation\jakarta.activation-api\1.2.2\jakarta.activation-api-1.2.2.jar;C:\Users\Francesco\.m2\repository\org\assertj\assertj-core\3.22.0\assertj-core-3.22.0.jar;C:\Users\Francesco\.m2\repository\org\hamcrest\hamcrest\2.2\hamcrest-2.2.jar;C:\Users\Francesco\.m2\repository\org\junit\jupiter\junit-jupiter\5.8.2\junit-jupiter-5.8.2.jar;C:\Users\Francesco\.m2\repository\org\mockito\mockito-core\4.5.1\mockito-core-4.5.1.jar;C:\Users\Francesco\.m2\repository\net\bytebuddy\byte-buddy-agent\1.12.9\byte-buddy-agent-1.12.9.jar;C:\Users\Francesco\.m2\repository\org\objenesis\objenesis\3.2\objenesis-3.2.jar;C:\Users\Francesco\.m2\repository\org\mockito\mockito-junit-jupiter\4.5.1\mockito-junit-jupiter-4.5.1.jar;C:\Users\Francesco\.m2\repository\org\skyscreamer\jsonassert\1.5.1\jsonassert-1.5.1.jar;C:\Users\Francesco\.m2\repository\com\vaadin\external\google\android-json\0.0.20131108.vaadin1\android-json-0.0.20131108.vaadin1.jar;C:\Users\Francesco\.m2\repository\org\springframework\spring-core\5.3.23\spring-core-5.3.23.jar;C:\Users\Francesco\.m2\repository\org\springframework\spring-jcl\5.3.23\spring-jcl-5.3.23.jar;C:\Users\Francesco\.m2\repository\org\springframework\spring-test\5.3.23\spring-test-5.3.23.jar;C:\Users\Francesco\.m2\repository\org\xmlunit\xmlunit-core\2.9.0\xmlunit-core-2.9.0.jar;C:\Users\Francesco\.m2\repository\io\rest-assured\rest-assured\5.3.0\rest-assured-5.3.0.jar;C:\Users\Francesco\.m2\repository\org\apache\groovy\groovy\4.0.6\groovy-4.0.6.jar;C:\Users\Francesco\.m2\repository\org\apache\groovy\groovy-xml\4.0.6\groovy-xml-4.0.6.jar;C:\Users\Francesco\.m2\repository\org\apache\httpcomponents\httpclient\4.5.13\httpclient-4.5.13.jar;C:\Users\Francesco\.m2\repository\org\apache\httpcomponents\httpcore\4.4.13\httpcore-4.4.13.jar;C:\Users\Francesco\.m2\repository\commons-logging\commons-logging\1.2\commons-logging-1.2.jar;C:\Users\Francesco\.m2\repository\commons-codec\commons-codec\1.11\commons-codec-1.11.jar;C:\Users\Francesco\.m2\repository\org\apache\httpcomponents\httpmime\4.5.13\httpmime-4.5.13.jar;C:\Users\Francesco\.m2\repository\org\ccil\cowan\tagsoup\tagsoup\1.2.1\tagsoup-1.2.1.jar;C:\Users\Francesco\.m2\repository\io\rest-assured\json-path\5.3.0\json-path-5.3.0.jar;C:\Users\Francesco\.m2\repository\org\apache\groovy\groovy-json\4.0.6\groovy-json-4.0.6.jar;C:\Users\Francesco\.m2\repository\io\rest-assured\rest-assured-common\5.3.0\rest-assured-common-5.3.0.jar;C:\Users\Francesco\.m2\repository\io\rest-assured\xml-path\5.3.0\xml-path-5.3.0.jar;C:\Users\Francesco\.m2\repository\org\apache\commons\commons-lang3\3.11\commons-lang3-3.11.jar;C:\Users\Francesco\.m2\repository\org\hibernate\orm\hibernate-core\6.4.2.Final\hibernate-core-6.4.2.Final.jar;C:\Users\Francesco\.m2\repository\jakarta\persistence\jakarta.persistence-api\3.1.0\jakarta.persistence-api-3.1.0.jar;C:\Users\Francesco\.m2\repository\jakarta\transaction\jakarta.transaction-api\2.0.1\jakarta.transaction-api-2.0.1.jar;C:\Users\Francesco\.m2\repository\org\jboss\logging\jboss-logging\3.5.0.Final\jboss-logging-3.5.0.Final.jar;C:\Users\Francesco\.m2\repository\org\hibernate\common\hibernate-commons-annotations\6.0.6.Final\hibernate-commons-annotations-6.0.6.Final.jar;C:\Users\Francesco\.m2\repository\io\smallrye\jandex\3.1.2\jandex-3.1.2.jar;C:\Users\Francesco\.m2\repository\com\fasterxml\classmate\1.5.1\classmate-1.5.1.jar;C:\Users\Francesco\.m2\repository\net\bytebuddy\byte-buddy\1.14.7\byte-buddy-1.14.7.jar;C:\Users\Francesco\.m2\repository\org\glassfish\jaxb\jaxb-runtime\4.0.2\jaxb-runtime-4.0.2.jar;C:\Users\Francesco\.m2\repository\org\glassfish\jaxb\jaxb-core\4.0.2\jaxb-core-4.0.2.jar;C:\Users\Francesco\.m2\repository\org\eclipse\angus\angus-activation\2.0.0\angus-activation-2.0.0.jar;C:\Users\Francesco\.m2\repository\org\glassfish\jaxb\txw2\4.0.2\txw2-4.0.2.jar;C:\Users\Francesco\.m2\repository\com\sun\istack\istack-commons-runtime\4.1.1\istack-commons-runtime-4.1.1.jar;C:\Users\Francesco\.m2\repository\jakarta\inject\jakarta.inject-api\2.0.1\jakarta.inject-api-2.0.1.jar;C:\Users\Francesco\.m2\repository\org\antlr\antlr4-runtime\4.13.0\antlr4-runtime-4.13.0.jar;C:\Users\Francesco\.m2\repository\com\mysql\mysql-connector-j\8.2.0\mysql-connector-j-8.2.0.jar;C:\Users\Francesco\.m2\repository\com\google\protobuf\protobuf-java\3.21.9\protobuf-java-3.21.9.jar;C:\Users\Francesco\.m2\repository\org\springframework\boot\spring-boot-starter-integration\2.7.5\spring-boot-starter-integration-2.7.5.jar;C:\Users\Francesco\.m2\repository\org\springframework\boot\spring-boot-starter-aop\2.7.5\spring-boot-starter-aop-2.7.5.jar;C:\Users\Francesco\.m2\repository\org\aspectj\aspectjweaver\1.9.7\aspectjweaver-1.9.7.jar;C:\Users\Francesco\.m2\repository\org\springframework\integration\spring-integration-core\5.5.15\spring-integration-core-5.5.15.jar;C:\Users\Francesco\.m2\repository\org\springframework\spring-messaging\5.3.23\spring-messaging-5.3.23.jar;C:\Users\Francesco\.m2\repository\org\springframework\spring-tx\5.3.23\spring-tx-5.3.23.jar;C:\Users\Francesco\.m2\repository\org\springframework\retry\spring-retry\1.3.3\spring-retry-1.3.3.jar;C:\Users\Francesco\.m2\repository\io\projectreactor\reactor-core\3.4.23\reactor-core-3.4.23.jar;C:\Users\Francesco\.m2\repository\org\reactivestreams\reactive-streams\1.0.4\reactive-streams-1.0.4.jar;C:\Users\Francesco\.m2\repository\org\springframework\integration\spring-integration-test\5.5.14\spring-integration-test-5.5.14.jar;C:\Users\Francesco\.m2\repository\org\springframework\integration\spring-integration-test-support\5.5.14\spring-integration-test-support-5.5.14.jar;C:\Users\Francesco\.m2\repository\org\hamcrest\hamcrest-library\2.2\hamcrest-library-2.2.jar;C:\Users\Francesco\.m2\repository\org\hamcrest\hamcrest-core\2.2\hamcrest-core-2.2.jar;C:\Users\Francesco\.m2\repository\org\apache\camel\camel-core\3.20.4\camel-core-3.20.4.jar;C:\Users\Francesco\.m2\repository\org\apache\camel\camel-core-engine\3.20.4\camel-core-engine-3.20.4.jar;C:\Users\Francesco\.m2\repository\org\apache\camel\camel-api\3.20.4\camel-api-3.20.4.jar;C:\Users\Francesco\.m2\repository\org\apache\camel\camel-base-engine\3.20.4\camel-base-engine-3.20.4.jar;C:\Users\Francesco\.m2\repository\org\apache\camel\camel-base\3.20.4\camel-base-3.20.4.jar;C:\Users\Francesco\.m2\repository\org\apache\camel\camel-core-reifier\3.20.4\camel-core-reifier-3.20.4.jar;C:\Users\Francesco\.m2\repository\org\apache\camel\camel-core-processor\3.20.4\camel-core-processor-3.20.4.jar;C:\Users\Francesco\.m2\repository\org\apache\camel\camel-management-api\3.20.4\camel-management-api-3.20.4.jar;C:\Users\Francesco\.m2\repository\org\apache\camel\camel-support\3.20.4\camel-support-3.20.4.jar;C:\Users\Francesco\.m2\repository\org\apache\camel\camel-util\3.20.4\camel-util-3.20.4.jar;C:\Users\Francesco\.m2\repository\org\apache\camel\camel-core-languages\3.20.4\camel-core-languages-3.20.4.jar;C:\Users\Francesco\.m2\repository\org\apache\camel\camel-core-model\3.20.4\camel-core-model-3.20.4.jar;C:\Users\Francesco\.m2\repository\org\apache\camel\camel-bean\3.20.4\camel-bean-3.20.4.jar;C:\Users\Francesco\.m2\repository\org\apache\camel\camel-browse\3.20.4\camel-browse-3.20.4.jar;C:\Users\Francesco\.m2\repository\org\apache\camel\camel-cluster\3.20.4\camel-cluster-3.20.4.jar;C:\Users\Francesco\.m2\repository\org\apache\camel\camel-controlbus\3.20.4\camel-controlbus-3.20.4.jar;C:\Users\Francesco\.m2\repository\org\apache\camel\camel-dataformat\3.20.4\camel-dataformat-3.20.4.jar;C:\Users\Francesco\.m2\repository\org\apache\camel\camel-dataset\3.20.4\camel-dataset-3.20.4.jar;C:\Users\Francesco\.m2\repository\org\apache\camel\camel-direct\3.20.4\camel-direct-3.20.4.jar;C:\Users\Francesco\.m2\repository\org\apache\camel\camel-directvm\3.20.4\camel-directvm-3.20.4.jar;C:\Users\Francesco\.m2\repository\org\apache\camel\camel-file\3.20.4\camel-file-3.20.4.jar;C:\Users\Francesco\.m2\repository\org\apache\camel\camel-health\3.20.4\camel-health-3.20.4.jar;C:\Users\Francesco\.m2\repository\org\apache\camel\camel-language\3.20.4\camel-language-3.20.4.jar;C:\Users\Francesco\.m2\repository\org\apache\camel\camel-log\3.20.4\camel-log-3.20.4.jar;C:\Users\Francesco\.m2\repository\org\apache\camel\camel-mock\3.20.4\camel-mock-3.20.4.jar;C:\Users\Francesco\.m2\repository\org\apache\camel\camel-ref\3.20.4\camel-ref-3.20.4.jar;C:\Users\Francesco\.m2\repository\org\apache\camel\camel-rest\3.20.4\camel-rest-3.20.4.jar;C:\Users\Francesco\.m2\repository\org\apache\camel\camel-tooling-model\3.20.4\camel-tooling-model-3.20.4.jar;C:\Users\Francesco\.m2\repository\org\apache\camel\camel-util-json\3.20.4\camel-util-json-3.20.4.jar;C:\Users\Francesco\.m2\repository\org\apache\camel\camel-saga\3.20.4\camel-saga-3.20.4.jar;C:\Users\Francesco\.m2\repository\org\apache\camel\camel-scheduler\3.20.4\camel-scheduler-3.20.4.jar;C:\Users\Francesco\.m2\repository\org\apache\camel\camel-seda\3.20.4\camel-seda-3.20.4.jar;C:\Users\Francesco\.m2\repository\org\apache\camel\camel-stub\3.20.4\camel-stub-3.20.4.jar;C:\Users\Francesco\.m2\repository\org\apache\camel\camel-timer\3.20.4\camel-timer-3.20.4.jar;C:\Users\Francesco\.m2\repository\org\apache\camel\camel-validator\3.20.4\camel-validator-3.20.4.jar;C:\Users\Francesco\.m2\repository\org\apache\camel\camel-vm\3.20.4\camel-vm-3.20.4.jar;C:\Users\Francesco\.m2\repository\org\apache\camel\camel-xpath\3.20.4\camel-xpath-3.20.4.jar;C:\Users\Francesco\.m2\repository\org\apache\camel\camel-xslt\3.20.4\camel-xslt-3.20.4.jar;C:\Users\Francesco\.m2\repository\org\apache\camel\camel-xml-jaxb\3.20.4\camel-xml-jaxb-3.20.4.jar;C:\Users\Francesco\.m2\repository\com\sun\xml\bind\jaxb-core\2.3.0\jaxb-core-2.3.0.jar;C:\Users\Francesco\.m2\repository\com\sun\xml\bind\jaxb-impl\2.3.3\jaxb-impl-2.3.3.jar;C:\Users\Francesco\.m2\repository\com\sun\activation\jakarta.activation\1.2.2\jakarta.activation-1.2.2.jar;C:\Users\Francesco\.m2\repository\org\apache\camel\camel-xml-jaxp\3.20.4\camel-xml-jaxp-3.20.4.jar;C:\Users\Francesco\.m2\repository\org\apache\camel\camel-xml-io-util\3.20.4\camel-xml-io-util-3.20.4.jar;C:\Users\Francesco\.m2\repository\org\slf4j\slf4j-api\1.7.36\slf4j-api-1.7.36.jar;C:\Users\Francesco\.m2\repository\org\apache\camel\camel-test-junit5\3.14.0\camel-test-junit5-3.14.0.jar;C:\Users\Francesco\.m2\repository\org\junit\jupiter\junit-jupiter-api\5.8.1\junit-jupiter-api-5.8.1.jar;C:\Users\Francesco\.m2\repository\org\opentest4j\opentest4j\1.2.0\opentest4j-1.2.0.jar;C:\Users\Francesco\.m2\repository\org\junit\platform\junit-platform-commons\1.8.1\junit-platform-commons-1.8.1.jar;C:\Users\Francesco\.m2\repository\org\apiguardian\apiguardian-api\1.1.2\apiguardian-api-1.1.2.jar;C:\Users\Francesco\.m2\repository\org\junit\jupiter\junit-jupiter-engine\5.8.1\junit-jupiter-engine-5.8.1.jar;C:\Users\Francesco\.m2\repository\org\junit\platform\junit-platform-engine\1.8.1\junit-platform-engine-1.8.1.jar;C:\Users\Francesco\.m2\repository\org\junit\jupiter\junit-jupiter-params\5.8.1\junit-jupiter-params-5.8.1.jar;"/>
    <property name="java.vm.vendor" value="Oracle Corporation"/>
    <property name="sun.arch.data.model" value="64"/>
    <property name="user.variant" value=""/>
    <property name="java.vendor.url" value="https://java.oracle.com/"/>
    <property name="catalina.useNaming" value="false"/>
    <property name="user.timezone" value="Europe/Rome"/>
    <property name="os.name" value="Windows 11"/>
    <property name="java.vm.specification.version" value="21"/>
    <property name="sun.java.launcher" value="SUN_STANDARD"/>
    <property name="user.country" value="IT"/>
    <property name="sun.boot.library.path" value="C:\Users\Francesco\.jdks\openjdk-21.0.2\bin"/>
    <property name="sun.java.command" value="C:\Users\Francesco\AppData\Local\Temp\surefire7417293556582523421\surefirebooter-20240415010644849_3.jar C:\Users\Francesco\AppData\Local\Temp\surefire7417293556582523421 2024-04-15T01-06-44_768-jvmRun1 surefire-20240415010644849_1tmp surefire_0-20240415010644849_2tmp"/>
    <property name="jdk.debug" value="release"/>
    <property name="surefire.test.class.path" value="C:\Users\Francesco\Documents\repositories\ing-sw\designPatterns\DTO\target\test-classes;C:\Users\Francesco\Documents\repositories\ing-sw\designPatterns\DTO\target\classes;C:\Users\Francesco\.m2\repository\org\springframework\boot\spring-boot-starter-web\2.7.5\spring-boot-starter-web-2.7.5.jar;C:\Users\Francesco\.m2\repository\org\springframework\boot\spring-boot-starter\2.7.5\spring-boot-starter-2.7.5.jar;C:\Users\Francesco\.m2\repository\org\springframework\boot\spring-boot\2.7.5\spring-boot-2.7.5.jar;C:\Users\Francesco\.m2\repository\org\springframework\boot\spring-boot-autoconfigure\2.7.5\spring-boot-autoconfigure-2.7.5.jar;C:\Users\Francesco\.m2\repository\org\springframework\boot\spring-boot-starter-logging\2.7.5\spring-boot-starter-logging-2.7.5.jar;C:\Users\Francesco\.m2\repository\ch\qos\logback\logback-classic\1.2.11\logback-classic-1.2.11.jar;C:\Users\Francesco\.m2\repository\ch\qos\logback\logback-core\1.2.11\logback-core-1.2.11.jar;C:\Users\Francesco\.m2\repository\org\apache\logging\log4j\log4j-to-slf4j\2.17.2\log4j-to-slf4j-2.17.2.jar;C:\Users\Francesco\.m2\repository\org\apache\logging\log4j\log4j-api\2.17.2\log4j-api-2.17.2.jar;C:\Users\Francesco\.m2\repository\org\slf4j\jul-to-slf4j\1.7.36\jul-to-slf4j-1.7.36.jar;C:\Users\Francesco\.m2\repository\jakarta\annotation\jakarta.annotation-api\1.3.5\jakarta.annotation-api-1.3.5.jar;C:\Users\Francesco\.m2\repository\org\yaml\snakeyaml\1.30\snakeyaml-1.30.jar;C:\Users\Francesco\.m2\repository\org\springframework\boot\spring-boot-starter-json\2.7.5\spring-boot-starter-json-2.7.5.jar;C:\Users\Francesco\.m2\repository\com\fasterxml\jackson\core\jackson-databind\2.13.4.2\jackson-databind-2.13.4.2.jar;C:\Users\Francesco\.m2\repository\com\fasterxml\jackson\core\jackson-annotations\2.13.4\jackson-annotations-2.13.4.jar;C:\Users\Francesco\.m2\repository\com\fasterxml\jackson\core\jackson-core\2.13.4\jackson-core-2.13.4.jar;C:\Users\Francesco\.m2\repository\com\fasterxml\jackson\datatype\jackson-datatype-jdk8\2.13.4\jackson-datatype-jdk8-2.13.4.jar;C:\Users\Francesco\.m2\repository\com\fasterxml\jackson\datatype\jackson-datatype-jsr310\2.13.4\jackson-datatype-jsr310-2.13.4.jar;C:\Users\Francesco\.m2\repository\com\fasterxml\jackson\module\jackson-module-parameter-names\2.13.4\jackson-module-parameter-names-2.13.4.jar;C:\Users\Francesco\.m2\repository\org\springframework\boot\spring-boot-starter-tomcat\2.7.5\spring-boot-starter-tomcat-2.7.5.jar;C:\Users\Francesco\.m2\repository\org\apache\tomcat\embed\tomcat-embed-core\9.0.68\tomcat-embed-core-9.0.68.jar;C:\Users\Francesco\.m2\repository\org\apache\tomcat\embed\tomcat-embed-el\9.0.68\tomcat-embed-el-9.0.68.jar;C:\Users\Francesco\.m2\repository\org\apache\tomcat\embed\tomcat-embed-websocket\9.0.68\tomcat-embed-websocket-9.0.68.jar;C:\Users\Francesco\.m2\repository\org\springframework\spring-web\5.3.23\spring-web-5.3.23.jar;C:\Users\Francesco\.m2\repository\org\springframework\spring-beans\5.3.23\spring-beans-5.3.23.jar;C:\Users\Francesco\.m2\repository\org\springframework\spring-webmvc\5.3.23\spring-webmvc-5.3.23.jar;C:\Users\Francesco\.m2\repository\org\springframework\spring-aop\5.3.23\spring-aop-5.3.23.jar;C:\Users\Francesco\.m2\repository\org\springframework\spring-context\5.3.23\spring-context-5.3.23.jar;C:\Users\Francesco\.m2\repository\org\springframework\spring-expression\5.3.23\spring-expression-5.3.23.jar;C:\Users\Francesco\.m2\repository\org\springframework\boot\spring-boot-starter-test\2.7.5\spring-boot-starter-test-2.7.5.jar;C:\Users\Francesco\.m2\repository\org\springframework\boot\spring-boot-test\2.7.5\spring-boot-test-2.7.5.jar;C:\Users\Francesco\.m2\repository\org\springframework\boot\spring-boot-test-autoconfigure\2.7.5\spring-boot-test-autoconfigure-2.7.5.jar;C:\Users\Francesco\.m2\repository\com\jayway\jsonpath\json-path\2.7.0\json-path-2.7.0.jar;C:\Users\Francesco\.m2\repository\net\minidev\json-smart\2.4.7\json-smart-2.4.7.jar;C:\Users\Francesco\.m2\repository\net\minidev\accessors-smart\2.4.7\accessors-smart-2.4.7.jar;C:\Users\Francesco\.m2\repository\org\ow2\asm\asm\9.1\asm-9.1.jar;C:\Users\Francesco\.m2\repository\jakarta\xml\bind\jakarta.xml.bind-api\2.3.3\jakarta.xml.bind-api-2.3.3.jar;C:\Users\Francesco\.m2\repository\jakarta\activation\jakarta.activation-api\1.2.2\jakarta.activation-api-1.2.2.jar;C:\Users\Francesco\.m2\repository\org\assertj\assertj-core\3.22.0\assertj-core-3.22.0.jar;C:\Users\Francesco\.m2\repository\org\hamcrest\hamcrest\2.2\hamcrest-2.2.jar;C:\Users\Francesco\.m2\repository\org\junit\jupiter\junit-jupiter\5.8.2\junit-jupiter-5.8.2.jar;C:\Users\Francesco\.m2\repository\org\mockito\mockito-core\4.5.1\mockito-core-4.5.1.jar;C:\Users\Francesco\.m2\repository\net\bytebuddy\byte-buddy-agent\1.12.9\byte-buddy-agent-1.12.9.jar;C:\Users\Francesco\.m2\repository\org\objenesis\objenesis\3.2\objenesis-3.2.jar;C:\Users\Francesco\.m2\repository\org\mockito\mockito-junit-jupiter\4.5.1\mockito-junit-jupiter-4.5.1.jar;C:\Users\Francesco\.m2\repository\org\skyscreamer\jsonassert\1.5.1\jsonassert-1.5.1.jar;C:\Users\Francesco\.m2\repository\com\vaadin\external\google\android-json\0.0.20131108.vaadin1\android-json-0.0.20131108.vaadin1.jar;C:\Users\Francesco\.m2\repository\org\springframework\spring-core\5.3.23\spring-core-5.3.23.jar;C:\Users\Francesco\.m2\repository\org\springframework\spring-jcl\5.3.23\spring-jcl-5.3.23.jar;C:\Users\Francesco\.m2\repository\org\springframework\spring-test\5.3.23\spring-test-5.3.23.jar;C:\Users\Francesco\.m2\repository\org\xmlunit\xmlunit-core\2.9.0\xmlunit-core-2.9.0.jar;C:\Users\Francesco\.m2\repository\io\rest-assured\rest-assured\5.3.0\rest-assured-5.3.0.jar;C:\Users\Francesco\.m2\repository\org\apache\groovy\groovy\4.0.6\groovy-4.0.6.jar;C:\Users\Francesco\.m2\repository\org\apache\groovy\groovy-xml\4.0.6\groovy-xml-4.0.6.jar;C:\Users\Francesco\.m2\repository\org\apache\httpcomponents\httpclient\4.5.13\httpclient-4.5.13.jar;C:\Users\Francesco\.m2\repository\org\apache\httpcomponents\httpcore\4.4.13\httpcore-4.4.13.jar;C:\Users\Francesco\.m2\repository\commons-logging\commons-logging\1.2\commons-logging-1.2.jar;C:\Users\Francesco\.m2\repository\commons-codec\commons-codec\1.11\commons-codec-1.11.jar;C:\Users\Francesco\.m2\repository\org\apache\httpcomponents\httpmime\4.5.13\httpmime-4.5.13.jar;C:\Users\Francesco\.m2\repository\org\ccil\cowan\tagsoup\tagsoup\1.2.1\tagsoup-1.2.1.jar;C:\Users\Francesco\.m2\repository\io\rest-assured\json-path\5.3.0\json-path-5.3.0.jar;C:\Users\Francesco\.m2\repository\org\apache\groovy\groovy-json\4.0.6\groovy-json-4.0.6.jar;C:\Users\Francesco\.m2\repository\io\rest-assured\rest-assured-common\5.3.0\rest-assured-common-5.3.0.jar;C:\Users\Francesco\.m2\repository\io\rest-assured\xml-path\5.3.0\xml-path-5.3.0.jar;C:\Users\Francesco\.m2\repository\org\apache\commons\commons-lang3\3.11\commons-lang3-3.11.jar;C:\Users\Francesco\.m2\repository\org\hibernate\orm\hibernate-core\6.4.2.Final\hibernate-core-6.4.2.Final.jar;C:\Users\Francesco\.m2\repository\jakarta\persistence\jakarta.persistence-api\3.1.0\jakarta.persistence-api-3.1.0.jar;C:\Users\Francesco\.m2\repository\jakarta\transaction\jakarta.transaction-api\2.0.1\jakarta.transaction-api-2.0.1.jar;C:\Users\Francesco\.m2\repository\org\jboss\logging\jboss-logging\3.5.0.Final\jboss-logging-3.5.0.Final.jar;C:\Users\Francesco\.m2\repository\org\hibernate\common\hibernate-commons-annotations\6.0.6.Final\hibernate-commons-annotations-6.0.6.Final.jar;C:\Users\Francesco\.m2\repository\io\smallrye\jandex\3.1.2\jandex-3.1.2.jar;C:\Users\Francesco\.m2\repository\com\fasterxml\classmate\1.5.1\classmate-1.5.1.jar;C:\Users\Francesco\.m2\repository\net\bytebuddy\byte-buddy\1.14.7\byte-buddy-1.14.7.jar;C:\Users\Francesco\.m2\repository\org\glassfish\jaxb\jaxb-runtime\4.0.2\jaxb-runtime-4.0.2.jar;C:\Users\Francesco\.m2\repository\org\glassfish\jaxb\jaxb-core\4.0.2\jaxb-core-4.0.2.jar;C:\Users\Francesco\.m2\repository\org\eclipse\angus\angus-activation\2.0.0\angus-activation-2.0.0.jar;C:\Users\Francesco\.m2\repository\org\glassfish\jaxb\txw2\4.0.2\txw2-4.0.2.jar;C:\Users\Francesco\.m2\repository\com\sun\istack\istack-commons-runtime\4.1.1\istack-commons-runtime-4.1.1.jar;C:\Users\Francesco\.m2\repository\jakarta\inject\jakarta.inject-api\2.0.1\jakarta.inject-api-2.0.1.jar;C:\Users\Francesco\.m2\repository\org\antlr\antlr4-runtime\4.13.0\antlr4-runtime-4.13.0.jar;C:\Users\Francesco\.m2\repository\com\mysql\mysql-connector-j\8.2.0\mysql-connector-j-8.2.0.jar;C:\Users\Francesco\.m2\repository\com\google\protobuf\protobuf-java\3.21.9\protobuf-java-3.21.9.jar;C:\Users\Francesco\.m2\repository\org\springframework\boot\spring-boot-starter-integration\2.7.5\spring-boot-starter-integration-2.7.5.jar;C:\Users\Francesco\.m2\repository\org\springframework\boot\spring-boot-starter-aop\2.7.5\spring-boot-starter-aop-2.7.5.jar;C:\Users\Francesco\.m2\repository\org\aspectj\aspectjweaver\1.9.7\aspectjweaver-1.9.7.jar;C:\Users\Francesco\.m2\repository\org\springframework\integration\spring-integration-core\5.5.15\spring-integration-core-5.5.15.jar;C:\Users\Francesco\.m2\repository\org\springframework\spring-messaging\5.3.23\spring-messaging-5.3.23.jar;C:\Users\Francesco\.m2\repository\org\springframework\spring-tx\5.3.23\spring-tx-5.3.23.jar;C:\Users\Francesco\.m2\repository\org\springframework\retry\spring-retry\1.3.3\spring-retry-1.3.3.jar;C:\Users\Francesco\.m2\repository\io\projectreactor\reactor-core\3.4.23\reactor-core-3.4.23.jar;C:\Users\Francesco\.m2\repository\org\reactivestreams\reactive-streams\1.0.4\reactive-streams-1.0.4.jar;C:\Users\Francesco\.m2\repository\org\springframework\integration\spring-integration-test\5.5.14\spring-integration-test-5.5.14.jar;C:\Users\Francesco\.m2\repository\org\springframework\integration\spring-integration-test-support\5.5.14\spring-integration-test-support-5.5.14.jar;C:\Users\Francesco\.m2\repository\org\hamcrest\hamcrest-library\2.2\hamcrest-library-2.2.jar;C:\Users\Francesco\.m2\repository\org\hamcrest\hamcrest-core\2.2\hamcrest-core-2.2.jar;C:\Users\Francesco\.m2\repository\org\apache\camel\camel-core\3.20.4\camel-core-3.20.4.jar;C:\Users\Francesco\.m2\repository\org\apache\camel\camel-core-engine\3.20.4\camel-core-engine-3.20.4.jar;C:\Users\Francesco\.m2\repository\org\apache\camel\camel-api\3.20.4\camel-api-3.20.4.jar;C:\Users\Francesco\.m2\repository\org\apache\camel\camel-base-engine\3.20.4\camel-base-engine-3.20.4.jar;C:\Users\Francesco\.m2\repository\org\apache\camel\camel-base\3.20.4\camel-base-3.20.4.jar;C:\Users\Francesco\.m2\repository\org\apache\camel\camel-core-reifier\3.20.4\camel-core-reifier-3.20.4.jar;C:\Users\Francesco\.m2\repository\org\apache\camel\camel-core-processor\3.20.4\camel-core-processor-3.20.4.jar;C:\Users\Francesco\.m2\repository\org\apache\camel\camel-management-api\3.20.4\camel-management-api-3.20.4.jar;C:\Users\Francesco\.m2\repository\org\apache\camel\camel-support\3.20.4\camel-support-3.20.4.jar;C:\Users\Francesco\.m2\repository\org\apache\camel\camel-util\3.20.4\camel-util-3.20.4.jar;C:\Users\Francesco\.m2\repository\org\apache\camel\camel-core-languages\3.20.4\camel-core-languages-3.20.4.jar;C:\Users\Francesco\.m2\repository\org\apache\camel\camel-core-model\3.20.4\camel-core-model-3.20.4.jar;C:\Users\Francesco\.m2\repository\org\apache\camel\camel-bean\3.20.4\camel-bean-3.20.4.jar;C:\Users\Francesco\.m2\repository\org\apache\camel\camel-browse\3.20.4\camel-browse-3.20.4.jar;C:\Users\Francesco\.m2\repository\org\apache\camel\camel-cluster\3.20.4\camel-cluster-3.20.4.jar;C:\Users\Francesco\.m2\repository\org\apache\camel\camel-controlbus\3.20.4\camel-controlbus-3.20.4.jar;C:\Users\Francesco\.m2\repository\org\apache\camel\camel-dataformat\3.20.4\camel-dataformat-3.20.4.jar;C:\Users\Francesco\.m2\repository\org\apache\camel\camel-dataset\3.20.4\camel-dataset-3.20.4.jar;C:\Users\Francesco\.m2\repository\org\apache\camel\camel-direct\3.20.4\camel-direct-3.20.4.jar;C:\Users\Francesco\.m2\repository\org\apache\camel\camel-directvm\3.20.4\camel-directvm-3.20.4.jar;C:\Users\Francesco\.m2\repository\org\apache\camel\camel-file\3.20.4\camel-file-3.20.4.jar;C:\Users\Francesco\.m2\repository\org\apache\camel\camel-health\3.20.4\camel-health-3.20.4.jar;C:\Users\Francesco\.m2\repository\org\apache\camel\camel-language\3.20.4\camel-language-3.20.4.jar;C:\Users\Francesco\.m2\repository\org\apache\camel\camel-log\3.20.4\camel-log-3.20.4.jar;C:\Users\Francesco\.m2\repository\org\apache\camel\camel-mock\3.20.4\camel-mock-3.20.4.jar;C:\Users\Francesco\.m2\repository\org\apache\camel\camel-ref\3.20.4\camel-ref-3.20.4.jar;C:\Users\Francesco\.m2\repository\org\apache\camel\camel-rest\3.20.4\camel-rest-3.20.4.jar;C:\Users\Francesco\.m2\repository\org\apache\camel\camel-tooling-model\3.20.4\camel-tooling-model-3.20.4.jar;C:\Users\Francesco\.m2\repository\org\apache\camel\camel-util-json\3.20.4\camel-util-json-3.20.4.jar;C:\Users\Francesco\.m2\repository\org\apache\camel\camel-saga\3.20.4\camel-saga-3.20.4.jar;C:\Users\Francesco\.m2\repository\org\apache\camel\camel-scheduler\3.20.4\camel-scheduler-3.20.4.jar;C:\Users\Francesco\.m2\repository\org\apache\camel\camel-seda\3.20.4\camel-seda-3.20.4.jar;C:\Users\Francesco\.m2\repository\org\apache\camel\camel-stub\3.20.4\camel-stub-3.20.4.jar;C:\Users\Francesco\.m2\repository\org\apache\camel\camel-timer\3.20.4\camel-timer-3.20.4.jar;C:\Users\Francesco\.m2\repository\org\apache\camel\camel-validator\3.20.4\camel-validator-3.20.4.jar;C:\Users\Francesco\.m2\repository\org\apache\camel\camel-vm\3.20.4\camel-vm-3.20.4.jar;C:\Users\Francesco\.m2\repository\org\apache\camel\camel-xpath\3.20.4\camel-xpath-3.20.4.jar;C:\Users\Francesco\.m2\repository\org\apache\camel\camel-xslt\3.20.4\camel-xslt-3.20.4.jar;C:\Users\Francesco\.m2\repository\org\apache\camel\camel-xml-jaxb\3.20.4\camel-xml-jaxb-3.20.4.jar;C:\Users\Francesco\.m2\repository\com\sun\xml\bind\jaxb-core\2.3.0\jaxb-core-2.3.0.jar;C:\Users\Francesco\.m2\repository\com\sun\xml\bind\jaxb-impl\2.3.3\jaxb-impl-2.3.3.jar;C:\Users\Francesco\.m2\repository\com\sun\activation\jakarta.activation\1.2.2\jakarta.activation-1.2.2.jar;C:\Users\Francesco\.m2\repository\org\apache\camel\camel-xml-jaxp\3.20.4\camel-xml-jaxp-3.20.4.jar;C:\Users\Francesco\.m2\repository\org\apache\camel\camel-xml-io-util\3.20.4\camel-xml-io-util-3.20.4.jar;C:\Users\Francesco\.m2\repository\org\slf4j\slf4j-api\1.7.36\slf4j-api-1.7.36.jar;C:\Users\Francesco\.m2\repository\org\apache\camel\camel-test-junit5\3.14.0\camel-test-junit5-3.14.0.jar;C:\Users\Francesco\.m2\repository\org\junit\jupiter\junit-jupiter-api\5.8.1\junit-jupiter-api-5.8.1.jar;C:\Users\Francesco\.m2\repository\org\opentest4j\opentest4j\1.2.0\opentest4j-1.2.0.jar;C:\Users\Francesco\.m2\repository\org\junit\platform\junit-platform-commons\1.8.1\junit-platform-commons-1.8.1.jar;C:\Users\Francesco\.m2\repository\org\apiguardian\apiguardian-api\1.1.2\apiguardian-api-1.1.2.jar;C:\Users\Francesco\.m2\repository\org\junit\jupiter\junit-jupiter-engine\5.8.1\junit-jupiter-engine-5.8.1.jar;C:\Users\Francesco\.m2\repository\org\junit\platform\junit-platform-engine\1.8.1\junit-platform-engine-1.8.1.jar;C:\Users\Francesco\.m2\repository\org\junit\jupiter\junit-jupiter-params\5.8.1\junit-jupiter-params-5.8.1.jar;"/>
    <property name="sun.cpu.endian" value="little"/>
    <property name="user.home" value="C:\Users\Francesco"/>
    <property name="user.language" value="it"/>
    <property name="java.specification.vendor" value="Oracle Corporation"/>
    <property name="java.version.date" value="2024-01-16"/>
    <property name="java.home" value="C:\Users\Francesco\.jdks\openjdk-21.0.2"/>
    <property name="file.separator" value="\"/>
    <property name="basedir" value="C:\Users\Francesco\Documents\repositories\ing-sw\designPatterns\DTO"/>
    <property name="java.vm.compressedOopsMode" value="Zero based"/>
    <property name="line.separator" value="&#10;"/>
    <property name="java.vm.specification.vendor" value="Oracle Corporation"/>
    <property name="java.specification.name" value="Java Platform API Specification"/>
    <property name="FILE_LOG_CHARSET" value="UTF-8"/>
    <property name="java.awt.headless" value="true"/>
    <property name="surefire.real.class.path" value="C:\Users\Francesco\AppData\Local\Temp\surefire7417293556582523421\surefirebooter-20240415010644849_3.jar"/>
    <property name="user.script" value=""/>
    <property name="sun.management.compiler" value="HotSpot 64-Bit Tiered Compilers"/>
    <property name="java.runtime.version" value="21.0.2+13-58"/>
    <property name="user.name" value="Francesco"/>
    <property name="stdout.encoding" value="Cp1252"/>
    <property name="path.separator" value=";"/>
    <property name="os.version" value="10.0"/>
    <property name="java.runtime.name" value="OpenJDK Runtime Environment"/>
    <property name="file.encoding" value="UTF-8"/>
    <property name="spring.beaninfo.ignore" value="true"/>
    <property name="java.vm.name" value="OpenJDK 64-Bit Server VM"/>
    <property name="localRepository" value="C:\Users\Francesco\.m2\repository"/>
    <property name="java.vendor.url.bug" value="https://bugreport.java.com/bugreport/"/>
    <property name="java.io.tmpdir" value="C:\Users\FRANCE~1\AppData\Local\Temp\"/>
    <property name="idea.version" value="2023.3.5"/>
    <property name="catalina.home" value="C:\Users\Francesco\AppData\Local\Temp\tomcat.0.17774248519325704083"/>
    <property name="java.version" value="21.0.2"/>
    <property name="user.dir" value="C:\Users\Francesco\Documents\repositories\ing-sw\designPatterns\DTO"/>
    <property name="os.arch" value="amd64"/>
    <property name="java.vm.specification.name" value="Java Virtual Machine Specification"/>
    <property name="PID" value="14516"/>
    <property name="sun.os.patch.level" value=""/>
    <property name="CONSOLE_LOG_CHARSET" value="UTF-8"/>
    <property name="catalina.base" value="C:\Users\Francesco\AppData\Local\Temp\tomcat.0.17774248519325704083"/>
    <property name="native.encoding" value="Cp1252"/>
    <property name="java.library.path" value="C:\Users\Francesco\.jdks\openjdk-21.0.2\bin;C:\WINDOWS\Sun\Java\bin;C:\WINDOWS\system32;C:\WINDOWS;C:\Program Files (x86)\VMware\VMware Player\bin\;C:\WINDOWS\system32;C:\WINDOWS;C:\WINDOWS\System32\Wbem;C:\WINDOWS\System32\WindowsPowerShell\v1.0\;C:\WINDOWS\System32\OpenSSH\;C:\Program Files\WireGuard\;C:\Program Files\Git\cmd;C:\Program Files\dotnet\;C:\Users\Francesco\AppData\Local\Programs\Python\Python312\;C:\Users\Francesco\AppData\Local\Programs\Python\Launcher\;C:\Users\Francesco\AppData\Local\Microsoft\WindowsApps;C:\Users\Francesco\AppData\Local\Programs\Microsoft VS Code\bin;C:\Users\Francesco\AppData\Local\JetBrains\Toolbox\scripts;."/>
    <property name="java.vm.info" value="mixed mode, sharing"/>
    <property name="stderr.encoding" value="Cp1252"/>
    <property name="java.vendor" value="Oracle Corporation"/>
    <property name="java.vm.version" value="21.0.2+13-58"/>
    <property name="sun.io.unicode.encoding" value="UnicodeLittle"/>
    <property name="java.class.version" value="65.0"/>
  </properties>
  <testcase name="create_shouldReturnUseId" classname="it.unical.api.UserControllerIntegrationTest" time="1.348">
    <system-out><![CDATA[01:06:45.520 [main] DEBUG org.springframework.test.context.BootstrapUtils - Instantiating CacheAwareContextLoaderDelegate from class [org.springframework.test.context.cache.DefaultCacheAwareContextLoaderDelegate]
01:06:45.527 [main] DEBUG org.springframework.test.context.BootstrapUtils - Instantiating BootstrapContext using constructor [public org.springframework.test.context.support.DefaultBootstrapContext(java.lang.Class,org.springframework.test.context.CacheAwareContextLoaderDelegate)]
01:06:45.552 [main] DEBUG org.springframework.test.context.BootstrapUtils - Instantiating TestContextBootstrapper for test class [it.unical.api.UserControllerIntegrationTest] from class [org.springframework.boot.test.context.SpringBootTestContextBootstrapper]
01:06:45.558 [main] INFO org.springframework.boot.test.context.SpringBootTestContextBootstrapper - Neither @ContextConfiguration nor @ContextHierarchy found for test class [it.unical.api.UserControllerIntegrationTest], using SpringBootContextLoader
01:06:45.560 [main] DEBUG org.springframework.test.context.support.AbstractContextLoader - Did not detect default resource location for test class [it.unical.api.UserControllerIntegrationTest]: class path resource [it/unical/api/UserControllerIntegrationTest-context.xml] does not exist
01:06:45.561 [main] DEBUG org.springframework.test.context.support.AbstractContextLoader - Did not detect default resource location for test class [it.unical.api.UserControllerIntegrationTest]: class path resource [it/unical/api/UserControllerIntegrationTestContext.groovy] does not exist
01:06:45.561 [main] INFO org.springframework.test.context.support.AbstractContextLoader - Could not detect default resource locations for test class [it.unical.api.UserControllerIntegrationTest]: no resource found for suffixes {-context.xml, Context.groovy}.
01:06:45.561 [main] INFO org.springframework.test.context.support.AnnotationConfigContextLoaderUtils - Could not detect default configuration classes for test class [it.unical.api.UserControllerIntegrationTest]: UserControllerIntegrationTest does not declare any static, non-private, non-final, nested classes annotated with @Configuration.
01:06:45.589 [main] DEBUG org.springframework.test.context.support.ActiveProfilesUtils - Could not find an 'annotation declaring class' for annotation type [org.springframework.test.context.ActiveProfiles] and class [it.unical.api.UserControllerIntegrationTest]
01:06:45.638 [main] DEBUG org.springframework.context.annotation.ClassPathScanningCandidateComponentProvider - Identified candidate component class: file [C:\Users\Francesco\Documents\repositories\ing-sw\designPatterns\DTO\target\classes\it\unical\Main.class]
01:06:45.639 [main] INFO org.springframework.boot.test.context.SpringBootTestContextBootstrapper - Found @SpringBootConfiguration it.unical.Main for test class it.unical.api.UserControllerIntegrationTest
01:06:45.691 [main] DEBUG org.springframework.boot.test.context.SpringBootTestContextBootstrapper - @TestExecutionListeners is not present for class [it.unical.api.UserControllerIntegrationTest]: using defaults.
01:06:45.692 [main] INFO org.springframework.boot.test.context.SpringBootTestContextBootstrapper - Loaded default TestExecutionListener class names from location [META-INF/spring.factories]: [org.springframework.boot.test.mock.mockito.MockitoTestExecutionListener, org.springframework.boot.test.mock.mockito.ResetMocksTestExecutionListener, org.springframework.boot.test.autoconfigure.restdocs.RestDocsTestExecutionListener, org.springframework.boot.test.autoconfigure.web.client.MockRestServiceServerResetTestExecutionListener, org.springframework.boot.test.autoconfigure.web.servlet.MockMvcPrintOnlyOnFailureTestExecutionListener, org.springframework.boot.test.autoconfigure.web.servlet.WebDriverTestExecutionListener, org.springframework.boot.test.autoconfigure.webservices.client.MockWebServiceServerTestExecutionListener, org.springframework.test.context.web.ServletTestExecutionListener, org.springframework.test.context.support.DirtiesContextBeforeModesTestExecutionListener, org.springframework.test.context.event.ApplicationEventsTestExecutionListener, org.springframework.test.context.support.DependencyInjectionTestExecutionListener, org.springframework.test.context.support.DirtiesContextTestExecutionListener, org.springframework.test.context.transaction.TransactionalTestExecutionListener, org.springframework.test.context.jdbc.SqlScriptsTestExecutionListener, org.springframework.test.context.event.EventPublishingTestExecutionListener]
01:06:45.701 [main] INFO org.springframework.boot.test.context.SpringBootTestContextBootstrapper - Using TestExecutionListeners: [org.springframework.test.context.web.ServletTestExecutionListener@2371aaca, org.springframework.test.context.support.DirtiesContextBeforeModesTestExecutionListener@5b529706, org.springframework.test.context.event.ApplicationEventsTestExecutionListener@63fdab07, org.springframework.boot.test.mock.mockito.MockitoTestExecutionListener@7b5a12ae, org.springframework.boot.test.autoconfigure.SpringBootDependencyInjectionTestExecutionListener@5553d0f5, org.springframework.test.context.support.DirtiesContextTestExecutionListener@1af687fe, org.springframework.test.context.transaction.TransactionalTestExecutionListener@14dda234, org.springframework.test.context.jdbc.SqlScriptsTestExecutionListener@3f390d63, org.springframework.test.context.event.EventPublishingTestExecutionListener@74a6a609, org.springframework.boot.test.mock.mockito.ResetMocksTestExecutionListener@5a411614, org.springframework.boot.test.autoconfigure.restdocs.RestDocsTestExecutionListener@2374d36a, org.springframework.boot.test.autoconfigure.web.client.MockRestServiceServerResetTestExecutionListener@54d18072, org.springframework.boot.test.autoconfigure.web.servlet.MockMvcPrintOnlyOnFailureTestExecutionListener@1506f20f, org.springframework.boot.test.autoconfigure.web.servlet.WebDriverTestExecutionListener@47a5b70d, org.springframework.boot.test.autoconfigure.webservices.client.MockWebServiceServerTestExecutionListener@424fd310]
01:06:45.703 [main] DEBUG org.springframework.test.context.support.AbstractDirtiesContextTestExecutionListener - Before test class: context [DefaultTestContext@19553973 testClass = UserControllerIntegrationTest, testInstance = [null], testMethod = [null], testException = [null], mergedContextConfiguration = [WebMergedContextConfiguration@7bb6ab3a testClass = UserControllerIntegrationTest, locations = '{}', classes = '{class it.unical.Main}', contextInitializerClasses = '[]', activeProfiles = '{}', propertySourceLocations = '{}', propertySourceProperties = '{org.springframework.boot.test.context.SpringBootTestContextBootstrapper=true, server.port=0}', contextCustomizers = set[org.springframework.boot.test.context.filter.ExcludeFilterContextCustomizer@791d1f8b, org.springframework.boot.test.json.DuplicateJsonObjectContextCustomizerFactory$DuplicateJsonObjectContextCustomizer@93081b6, org.springframework.boot.test.mock.mockito.MockitoContextCustomizer@0, org.springframework.boot.test.web.client.TestRestTemplateContextCustomizer@239105a8, org.springframework.boot.test.autoconfigure.actuate.metrics.MetricsExportContextCustomizerFactory$DisableMetricExportContextCustomizer@7f284218, org.springframework.boot.test.autoconfigure.properties.PropertyMappingContextCustomizer@0, org.springframework.boot.test.autoconfigure.web.servlet.WebDriverContextCustomizerFactory$Customizer@4a00d9cf, org.springframework.boot.test.context.SpringBootTestArgs@1, org.springframework.boot.test.context.SpringBootTestWebEnvironment@358ee631], resourceBasePath = 'src/main/webapp', contextLoader = 'org.springframework.boot.test.context.SpringBootContextLoader', parent = [null]], attributes = map['org.springframework.test.context.web.ServletTestExecutionListener.activateListener' -> false]], class annotated with @DirtiesContext [false] with mode [null].
01:06:45.707 [main] DEBUG org.springframework.test.context.support.DependencyInjectionTestExecutionListener - Performing dependency injection for test context [[DefaultTestContext@19553973 testClass = UserControllerIntegrationTest, testInstance = it.unical.api.UserControllerIntegrationTest@18cebaa5, testMethod = [null], testException = [null], mergedContextConfiguration = [WebMergedContextConfiguration@7bb6ab3a testClass = UserControllerIntegrationTest, locations = '{}', classes = '{class it.unical.Main}', contextInitializerClasses = '[]', activeProfiles = '{}', propertySourceLocations = '{}', propertySourceProperties = '{org.springframework.boot.test.context.SpringBootTestContextBootstrapper=true, server.port=0}', contextCustomizers = set[org.springframework.boot.test.context.filter.ExcludeFilterContextCustomizer@791d1f8b, org.springframework.boot.test.json.DuplicateJsonObjectContextCustomizerFactory$DuplicateJsonObjectContextCustomizer@93081b6, org.springframework.boot.test.mock.mockito.MockitoContextCustomizer@0, org.springframework.boot.test.web.client.TestRestTemplateContextCustomizer@239105a8, org.springframework.boot.test.autoconfigure.actuate.metrics.MetricsExportContextCustomizerFactory$DisableMetricExportContextCustomizer@7f284218, org.springframework.boot.test.autoconfigure.properties.PropertyMappingContextCustomizer@0, org.springframework.boot.test.autoconfigure.web.servlet.WebDriverContextCustomizerFactory$Customizer@4a00d9cf, org.springframework.boot.test.context.SpringBootTestArgs@1, org.springframework.boot.test.context.SpringBootTestWebEnvironment@358ee631], resourceBasePath = 'src/main/webapp', contextLoader = 'org.springframework.boot.test.context.SpringBootContextLoader', parent = [null]], attributes = map['org.springframework.test.context.web.ServletTestExecutionListener.activateListener' -> false, 'org.springframework.test.context.event.ApplicationEventsTestExecutionListener.recordApplicationEvents' -> false]]].

  .   ____          _            __ _ _
 /\\ / ___'_ __ _ _(_)_ __  __ _ \ \ \ \
( ( )\___ | '_ | '_| | '_ \/ _` | \ \ \ \
 \\/  ___)| |_)| | | | | || (_| |  ) ) ) )
  '  |____| .__|_| |_|_| |_\__, | / / / /
 =========|_|==============|___/=/_/_/_/
 :: Spring Boot ::                (v2.7.5)

2024-04-15 01:06:45.898  INFO 14516 --- [           main] i.u.api.UserControllerIntegrationTest    : Starting UserControllerIntegrationTest using Java 21.0.2 on DESKTOP-GCVE95S with PID 14516 (started by Francesco in C:\Users\Francesco\Documents\repositories\ing-sw\designPatterns\DTO)
2024-04-15 01:06:45.899  INFO 14516 --- [           main] i.u.api.UserControllerIntegrationTest    : No active profile set, falling back to 1 default profile: "default"
2024-04-15 01:06:46.441  INFO 14516 --- [           main] faultConfiguringBeanFactoryPostProcessor : No bean named 'errorChannel' has been explicitly defined. Therefore, a default PublishSubscribeChannel will be created.
2024-04-15 01:06:46.452  INFO 14516 --- [           main] faultConfiguringBeanFactoryPostProcessor : No bean named 'integrationHeaderChannelRegistry' has been explicitly defined. Therefore, a default DefaultHeaderChannelRegistry will be created.
2024-04-15 01:06:46.590  INFO 14516 --- [           main] trationDelegate$BeanPostProcessorChecker : Bean 'org.springframework.integration.config.IntegrationManagementConfiguration' of type [org.springframework.integration.config.IntegrationManagementConfiguration] is not eligible for getting processed by all BeanPostProcessors (for example: not eligible for auto-proxying)
2024-04-15 01:06:46.602  INFO 14516 --- [           main] trationDelegate$BeanPostProcessorChecker : Bean 'integrationChannelResolver' of type [org.springframework.integration.support.channel.BeanFactoryChannelResolver] is not eligible for getting processed by all BeanPostProcessors (for example: not eligible for auto-proxying)
2024-04-15 01:06:46.833  INFO 14516 --- [           main] o.s.b.w.embedded.tomcat.TomcatWebServer  : Tomcat initialized with port(s): 0 (http)
2024-04-15 01:06:46.839  INFO 14516 --- [           main] o.apache.catalina.core.StandardService   : Starting service [Tomcat]
2024-04-15 01:06:46.840  INFO 14516 --- [           main] org.apache.catalina.core.StandardEngine  : Starting Servlet engine: [Apache Tomcat/9.0.68]
2024-04-15 01:06:46.929  INFO 14516 --- [           main] o.a.c.c.C.[Tomcat].[localhost].[/]       : Initializing Spring embedded WebApplicationContext
2024-04-15 01:06:46.929  INFO 14516 --- [           main] w.s.c.ServletWebServerApplicationContext : Root WebApplicationContext: initialization completed in 854 ms
2024-04-15 01:06:47.828  INFO 14516 --- [           main] o.s.i.endpoint.EventDrivenConsumer       : Adding {logging-channel-adapter:_org.springframework.integration.errorLogger} as a subscriber to the 'errorChannel' channel
2024-04-15 01:06:47.829  INFO 14516 --- [           main] o.s.i.channel.PublishSubscribeChannel    : Channel 'application.errorChannel' has 1 subscriber(s).
2024-04-15 01:06:47.829  INFO 14516 --- [           main] o.s.i.endpoint.EventDrivenConsumer       : started bean '_org.springframework.integration.errorLogger'
2024-04-15 01:06:47.859  INFO 14516 --- [           main] o.s.b.w.embedded.tomcat.TomcatWebServer  : Tomcat started on port(s): 59295 (http) with context path ''
2024-04-15 01:06:47.871  INFO 14516 --- [           main] i.u.api.UserControllerIntegrationTest    : Started UserControllerIntegrationTest in 2.146 seconds (JVM running for 2.921)
2024-04-15 01:06:48.814  INFO 14516 --- [o-auto-1-exec-1] o.a.c.c.C.[Tomcat].[localhost].[/]       : Initializing Spring DispatcherServlet 'dispatcherServlet'
2024-04-15 01:06:48.814  INFO 14516 --- [o-auto-1-exec-1] o.s.web.servlet.DispatcherServlet        : Initializing Servlet 'dispatcherServlet'
2024-04-15 01:06:48.815  INFO 14516 --- [o-auto-1-exec-1] o.s.web.servlet.DispatcherServlet        : Completed initialization in 1 ms
]]></system-out>
  </testcase>
  <testcase name="getAll_shouldReturnUseDTO" classname="it.unical.api.UserControllerIntegrationTest" time="0.083"/>
</testsuite>